
POST /api/contacts/ 24-09-2022_12:50:27
POST /api/contacts/ 24-09-2022_12:51:11
POST /api/contacts/ 24-09-2022_12:51:35
POST /api/contacts/ 24-09-2022_12:51:49
POST /api/contacts/ 24-09-2022_12:51:55
GET /api/contacts 24-09-2022_12:55:20
POST /api/contacts/ 24-09-2022_01:16:15
POST /api/contacts/ 24-09-2022_01:18:24
POST /api/contacts/ 24-09-2022_01:18:55
POST /api/contacts/ 24-09-2022_01:19:19
POST /api/contacts/ 24-09-2022_01:23:22
POST /api/contacts/ 24-09-2022_01:24:31
POST /api/contacts/ 24-09-2022_01:28:05
POST /api/contacts/ 24-09-2022_02:14:55
POST /api/contacts/ 24-09-2022_02:15:45
POST /api/contacts/ 24-09-2022_02:18:03
GET /api/contacts 24-09-2022_02:24:15
PUT /api/contacts/df91f917-ab8e-4802-a54f-2bed98f26c1d 24-09-2022_02:26:32
GET /api/contacts 24-09-2022_02:26:40
DELETE /api/contacts/0059b9ed-61de-4c9c-baff-c7de580b0e13 24-09-2022_02:34:02
DELETE /api/contacts/0059b9ed-61de-4c9c-baff-c7de580b0e13 24-09-2022_02:34:40
GET /api/contacts 24-09-2022_10:24:44
POST /api/contacts/ 24-09-2022_10:24:54
POST /api/contacts/ 24-09-2022_10:27:49
POST /api/contacts/ 24-09-2022_10:31:24
POST /api/contacts/ 24-09-2022_10:32:15
POST /api/contacts/ 24-09-2022_10:32:25
GET /api/contacts 24-09-2022_11:13:18
GET /api/contacts 24-09-2022_11:13:59
GET /api/contacts/2 24-09-2022_11:20:09
POST /api/contacts/ 24-09-2022_11:26:00
POST /api/contacts/ 24-09-2022_11:26:16
POST /api/contacts/ 24-09-2022_11:26:24
GET /api/contacts/ 24-09-2022_11:26:38
PUT /api/contacts/f483d6ff-17c8-4ba7-be14-3e5ee96d12dc 24-09-2022_11:29:36
PUT /api/contacts/f483d6ff-17c8-4ba7-be14-3e5ee96d12dc 24-09-2022_11:30:01
GET /api/contacts/ 24-09-2022_11:30:05
DELETE /api/contacts/f483d6ff-17c8-4ba7-be14-3e5ee96d12dc 24-09-2022_11:35:00
DELETE /api/contacts/f483d6ff-17c8-4ba7-be14-3e5ee96d12dc 24-09-2022_11:35:41
GET /api/contacts/ 24-09-2022_11:35:49
DELETE /api/contacts/f483d6ff-17c8-4ba7-be14-3e5ee96d12dc 24-09-2022_11:36:09
DELETE /api/contacts/35e60da6-6d93-4c43-a02e-7befcb7afbaa 24-09-2022_11:36:41
GET /api/contacts/ 24-09-2022_11:36:51
DELETE /api/contacts/f483d6ff-17c8-4ba7-be14-3e5ee96d12dc 24-09-2022_11:37:11
DELETE /api/contacts/ff7f6d35-aaa8-42f6-b62c-b83998da7007 24-09-2022_11:40:49
DELETE /api/contacts/df91f917-ab8e-4802-a54f-2bed98f26c1d 24-09-2022_11:41:54
DELETE /api/contacts/df91f917-ab8e-4802-a54f-2bed98f26c1d 24-09-2022_11:42:39
DELETE /api/contacts/df91f917-ab8e-4802-a54f-2bed98f26c1d 24-09-2022_11:47:35
GET /api/contacts/ 24-09-2022_11:48:39
DELETE /api/contacts/df91f917-ab8e-4802-a54f-2bed98f26c1d 24-09-2022_11:48:46
GET /api/contacts/ 24-09-2022_11:50:22
POST /api/contacts/ 24-09-2022_11:50:39
GET /api/contacts/ 24-09-2022_11:50:47
DELETE /api/contacts/707efb4b-3107-4f3c-b81b-bab8ca333ba3 24-09-2022_11:51:05
GET /api/contacts/ 24-09-2022_11:51:10
POST /api/contacts/ 24-09-2022_11:51:21
PUT /api/contacts/191a6507-fe25-4398-87e4-ba471ef27f03 24-09-2022_11:51:50
GET /api/contacts/ 24-09-2022_11:51:56
DELETE /api/contacts/707efb4b-3107-4f3c-b81b-bab8ca333ba3 24-09-2022_11:52:11
DELETE /api/contacts/191a6507-fe25-4398-87e4-ba471ef27f03 25-09-2022_12:07:22
PUT /api/contacts/191a6507-fe25-4398-87e4-ba471ef27f03 25-09-2022_12:11:58
GET /api/contacts/ 25-09-2022_12:15:44
POST /api/contacts/ 25-09-2022_12:16:03
PUT /api/contacts/d3f7db36-6bc7-498b-b5ef-ae7ec64a30e5 25-09-2022_12:16:41
GET /api/contacts/ 25-09-2022_12:18:37
POST /api/contacts/ 25-09-2022_12:18:41
GET /api/contacts/ 25-09-2022_12:18:50
POST /api/contacts/ 25-09-2022_12:22:10
GET /api/contacts/ 25-09-2022_12:22:18
PUT /api/contacts/f3302f0f-9593-4ca2-8b44-c6ced9f2794a 25-09-2022_12:22:33
GET /api/contacts/ 25-09-2022_12:22:44
PUT /api/contacts/f3302f0f-9593-4ca2-8b44-c6ced9f2794a 25-09-2022_12:23:01
PUT /api/contacts/f3302f0f-9593-4ca2-8b44-c6ced9f2794a 25-09-2022_12:24:43
GET /api/contacts/ 25-09-2022_12:24:49
GET /api/contacts/ 25-09-2022_12:31:20
POST /api/contacts/ 25-09-2022_12:31:44
DELETE /api/contacts/85c4aad0-b5c0-4da9-b643-ef14eda9409c 25-09-2022_12:32:01
GET /api/contacts/ 25-09-2022_12:32:05
POST /api/contacts/ 25-09-2022_12:32:11
PUT /api/contacts/6a7b8392-ef3d-4de3-bfeb-e7e31b68008e 25-09-2022_12:32:31
PUT /api/contacts/6a7b8392-ef3d-4de3-bfeb-e7e31b68008e 25-09-2022_12:34:37
PUT /api/contacts/6a7b8392-ef3d-4de3-bfeb-e7e31b68008e 25-09-2022_12:36:13
PUT /api/contacts/6a7b8392-ef3d-4de3-bfeb-e7e31b68008e 25-09-2022_12:36:53
PUT /api/contacts/6a7b8392-ef3d-4de3-bfeb-e7e31b68008e 25-09-2022_12:37:23
PUT /api/contacts/6a7b8392-ef3d-4de3-bfeb-e7e31b68008e 25-09-2022_12:38:41
DELETE /api/contacts/6a7b8392-ef3d-4de3-bfeb-e7e31b68008e 25-09-2022_12:38:58
GET /api/contacts/ 25-09-2022_12:39:02
GET /api/contacts/ 25-09-2022_01:53:16
GET /api/contacts/6 25-09-2022_01:53:29
GET /api/contacts/54 25-09-2022_01:53:33
POST /api/contacts/ 25-09-2022_01:53:42
GET /api/contacts/ 25-09-2022_01:53:50
PUT /api/contacts/6a7b8392-ef3d-4de3-bfeb-e7e31b68008e 25-09-2022_01:54:00
POST /api/contacts/ 25-09-2022_09:51:55
POST /api/contacts/ 25-09-2022_10:14:44
POST /api/contacts/ 25-09-2022_10:17:03
POST /api/contacts/ 25-09-2022_10:17:14
POST /api/contacts/ 25-09-2022_10:17:22
POST /api/contacts/ 25-09-2022_10:20:11
GET /api/contacts/2 25-09-2022_10:20:30
GET /api/contacts/123 25-09-2022_10:20:34
GET /api/contacts/123 25-09-2022_10:22:45
POST /api/contacts/ 25-09-2022_10:39:00
POST /api/contacts/ 25-09-2022_10:39:04
POST /api/contacts/ 25-09-2022_10:42:09
POST /api/contacts/ 25-09-2022_10:42:27
POST /api/contacts/ 25-09-2022_11:05:49
POST /api/contacts/ 25-09-2022_11:06:57
POST /api/contacts/ 25-09-2022_11:07:16
POST /api/contacts/ 25-09-2022_11:07:48
POST /api/contacts/ 25-09-2022_11:08:30
POST /api/contacts/ 25-09-2022_11:11:17
POST /api/contacts/ 25-09-2022_11:12:59
POST /api/contacts/ 25-09-2022_11:16:10
POST /api/contacts/ 25-09-2022_11:17:39
POST /api/contacts/ 25-09-2022_11:18:09
POST /api/contacts/ 25-09-2022_11:18:50
GET /api/contacts/ 25-09-2022_11:19:08
POST /api/contacts/ 25-09-2022_11:19:25
POST /api/contacts/ 25-09-2022_11:20:01
POST /api/contacts/ 25-09-2022_11:20:26
POST /api/contacts/ 25-09-2022_11:22:19
POST /api/contacts/ 25-09-2022_11:24:38
POST /api/contacts/ 25-09-2022_11:25:48
POST /api/contacts/ 25-09-2022_11:26:24
POST /api/contacts/ 25-09-2022_11:26:44
POST /api/contacts/ 25-09-2022_11:28:01
POST /api/contacts/ 25-09-2022_11:28:58
POST /api/contacts/ 25-09-2022_11:29:05
POST /api/contacts/ 25-09-2022_11:36:56
POST /api/contacts/ 25-09-2022_11:37:02
POST /api/contacts/ 25-09-2022_11:37:09
POST /api/contacts/ 25-09-2022_11:40:26
POST /api/contacts/ 25-09-2022_11:41:25
GET /api/contacts/ 25-09-2022_11:41:37
GET /api/contacts/ 25-09-2022_11:41:58
POST /api/contacts/ 25-09-2022_11:42:01
POST /api/contacts/ 25-09-2022_11:42:12
POST /api/contacts/ 25-09-2022_11:42:57
POST /api/contacts/ 25-09-2022_11:43:02
POST /api/contacts/ 25-09-2022_11:43:42
POST /api/contacts/ 25-09-2022_11:43:59
GET /api/contacts/ 25-09-2022_11:44:11
POST /api/contacts/ 25-09-2022_11:44:18
POST /api/contacts/ 25-09-2022_11:45:01
POST /api/contacts/ 25-09-2022_11:45:14
GET /api/contacts/ 25-09-2022_11:45:19
POST /api/contacts/ 25-09-2022_11:47:36
POST /api/contacts/ 25-09-2022_11:50:18
POST /api/contacts/ 25-09-2022_11:50:48
POST /api/contacts/ 25-09-2022_11:52:14
POST /api/contacts/ 25-09-2022_11:53:22
POST /api/contacts/ 25-09-2022_11:53:52
POST /api/contacts/ 25-09-2022_11:55:13
POST /api/contacts/ 25-09-2022_11:55:29
POST /api/contacts/ 25-09-2022_11:56:43
POST /api/contacts/ 25-09-2022_11:56:57
POST /api/contacts/ 25-09-2022_11:56:59
POST /api/contacts/ 25-09-2022_11:57:27
POST /api/contacts/ 25-09-2022_11:57:34
GET /api/contacts/ 30-09-2022_11:11:55
POST /api/contacts/63327c5ba5baf4d00fc1ca67 30-09-2022_11:21:23
GET /api/contacts/63327c5ba5baf4d00fc1ca67 30-09-2022_11:21:35
GET /api/contacts/63327c5ba5baf4d00fc1ca6712 30-09-2022_11:23:32
GET /api/contacts/63327c5ba5baf4d00fc1ca6712 30-09-2022_11:24:06
GET /api/contacts/63327c5ba5baf4d00fc1ca671 30-09-2022_11:24:53
GET /api/contacts/ 30-09-2022_11:24:59
GET /api/contacts/63327c5ba5baf4d00fc1ca66 30-09-2022_11:25:27
GET /api/contacts/63327c5ba5baf4d00fc1ca6621321 30-09-2022_11:25:40
GET /api/contacts/63327c5ba5baf4d00fc 30-09-2022_11:26:30
GET /api/contacts/63327c5ba5baf4d00fc 30-09-2022_11:29:45
GET /api/contacts 30-09-2022_11:32:04
GET /api/contacts/63327c5ba5baf4d00fc1ca6b 30-09-2022_11:32:15
GET /api/contacts/63327c5ba5baf4d00fc1ca6g 30-09-2022_11:32:23
GET /api/contacts/63327c5ba5baf4d00fc1ca6g 30-09-2022_11:33:20
GET /api/contacts/63327c5ba5baf4d00fc1ca6g 30-09-2022_11:34:33
GET /api/contacts/63327c5ba5baf4d00fc1ca6g 30-09-2022_11:35:29
GET /api/contacts/63327c5ba5baf4d00fc1ca6d 30-09-2022_11:35:34
GET /api/contacts/ 30-09-2022_11:35:45
GET /api/contacts/63327c5ba5baf4d00fc1ca6b 30-09-2022_11:35:55
GET /api/contacts/63327c5ba5baf4d00fc1ca61 30-09-2022_11:35:58
GET /api/contacts/63327c5ba5baf4d00fc1ca6d 30-09-2022_11:41:31
GET /api/contacts/63327c5ba5baf4d00fc1ca6b 30-09-2022_11:41:48
POST /api/contacts/ 30-09-2022_11:44:16
POST /api/contacts/ 30-09-2022_11:46:25
POST /api/contacts/ 30-09-2022_11:49:07
POST /api/contacts/ 30-09-2022_11:49:25
POST /api/contacts/ 30-09-2022_11:51:01
POST /api/contacts/ 30-09-2022_11:51:42
POST /api/contacts/ 30-09-2022_11:52:36
POST /api/contacts/ 30-09-2022_11:56:33
POST /api/contacts/ 01-10-2022_12:01:51
POST /api/contacts/ 01-10-2022_12:02:32
POST /api/contacts/ 01-10-2022_12:04:00
POST /api/contacts/ 01-10-2022_12:09:09
GET /api/contacts 01-10-2022_12:16:21
PUT /api/contacts/63375af569438703dd2ca69d 01-10-2022_12:21:14
GET /api/contacts 01-10-2022_12:27:28
GET /api/contacts 01-10-2022_12:28:17
DELETE /api/contacts/63375af569438703dd2ca69d 01-10-2022_12:29:11
PUT /api/contacts/63375af569438703dd2ca69d 01-10-2022_12:32:27
GET /api/contacts 01-10-2022_12:33:10
PUT /api/contacts/ 01-10-2022_12:33:46
POST /api/contacts/ 01-10-2022_12:34:09
GET /api/contacts 01-10-2022_12:34:13
DELETE /api/contacts/633760d11456abf92f1e0856 01-10-2022_12:34:31
GET /api/contacts 01-10-2022_12:34:54
DELETE /api/contacts/633760d11456abf92f1e0856 01-10-2022_12:35:57
POST /api/contacts/ 01-10-2022_12:57:44
PATCH /api/contacts/63376658ce47512316f99235 01-10-2022_12:58:32
PATCH /api/contacts/63376658ce47512316f99235/favorite 01-10-2022_12:59:37
PATCH /api/contacts/63376658ce47512316f99235/favorite 01-10-2022_12:59:51
PATCH /api/contacts/63376658ce47512316f99235/favorite 01-10-2022_01:01:24
POST /api/contacts/ 01-10-2022_01:11:42
POST /api/contacts/ 01-10-2022_01:12:10
GET /api/contacts 03-10-2022_09:43:40
POST /api/contacts/ 03-10-2022_09:45:08
POST /api/contacts/ 03-10-2022_09:45:56
GET /api/contacts 03-10-2022_09:47:49
POST /api/contacts/ 03-10-2022_09:48:09
POST /api/contacts/ 03-10-2022_09:48:26
POST /api/contacts/ 03-10-2022_09:48:31
POST /api/contacts/ 03-10-2022_09:48:36
GET /api/contacts 03-10-2022_09:48:40
GET /api/contacts 03-10-2022_09:57:35
POST /api/contacts/ 03-10-2022_09:57:47
POST /api/contacts/ 03-10-2022_10:04:51
GET /api/contacts 03-10-2022_10:05:51
POST /api/contacts/ 03-10-2022_10:08:41
POST /api/contacts/ 03-10-2022_10:10:08
POST /api/contacts/ 03-10-2022_10:16:36
POST /api/contacts/ 03-10-2022_10:17:41
POST /api/contacts/ 03-10-2022_10:18:24
POST /api/contacts/ 03-10-2022_10:23:23
GET /api/contacts/633b325397dbca8b911faffc 03-10-2022_10:43:04
GET /api/contacts/633b325397dbca8b911faf 03-10-2022_10:43:10
GET /api/contacts/633b325397dbca8b911faf 03-10-2022_10:43:31